{"level":"error","message":"Error al conectar a la base de datos: The `uri` parameter to `openUri()` must be a string, got \"undefined\". Make sure the first parameter to `mongoose.connect()` or `mongoose.createConnection()` is a string.","timestamp":"2024-08-19T21:35:49.122Z"}
{"level":"error","message":"Error al conectar a la base de datos: The `uri` parameter to `openUri()` must be a string, got \"undefined\". Make sure the first parameter to `mongoose.connect()` or `mongoose.createConnection()` is a string.","timestamp":"2024-08-19T21:36:27.089Z"}
{"level":"error","message":"Error al conectar a la base de datos: The `uri` parameter to `openUri()` must be a string, got \"undefined\". Make sure the first parameter to `mongoose.connect()` or `mongoose.createConnection()` is a string.","timestamp":"2024-08-19T21:39:19.715Z"}
{"level":"error","message":"Error al conectar a la base de datos: The `uri` parameter to `openUri()` must be a string, got \"undefined\". Make sure the first parameter to `mongoose.connect()` or `mongoose.createConnection()` is a string.","timestamp":"2024-08-19T21:39:40.039Z"}
{"level":"error","message":"Error al conectar a la base de datos: The `uri` parameter to `openUri()` must be a string, got \"undefined\". Make sure the first parameter to `mongoose.connect()` or `mongoose.createConnection()` is a string.","timestamp":"2024-08-19T21:40:11.517Z"}
{"level":"error","message":"Error al conectar a la base de datos: The `uri` parameter to `openUri()` must be a string, got \"undefined\". Make sure the first parameter to `mongoose.connect()` or `mongoose.createConnection()` is a string.","timestamp":"2024-08-19T21:40:21.208Z"}
{"level":"error","message":"Error al conectar a la base de datos: The `uri` parameter to `openUri()` must be a string, got \"undefined\". Make sure the first parameter to `mongoose.connect()` or `mongoose.createConnection()` is a string.","timestamp":"2024-08-19T21:46:06.586Z"}
{"level":"error","message":"Error al conectar a la base de datos: The `uri` parameter to `openUri()` must be a string, got \"undefined\". Make sure the first parameter to `mongoose.connect()` or `mongoose.createConnection()` is a string.","timestamp":"2024-08-19T21:46:24.393Z"}
{"level":"error","message":"Error al conectar a la base de datos: options usefindandmodify, usecreateindex are not supported","timestamp":"2024-08-19T21:46:41.301Z"}
{"level":"info","message":"Conexión a la base de datos exitosa","timestamp":"2024-08-19T21:48:51.132Z"}
{"level":"info","message":"Conexión a la base de datos exitosa","timestamp":"2024-08-19T21:49:10.842Z"}
{"level":"info","message":"Conexión a la base de datos exitosa","timestamp":"2024-08-19T21:49:23.003Z"}
{"level":"info","message":"Conexión a la base de datos exitosa","timestamp":"2024-08-19T21:49:49.953Z"}
{"level":"info","message":"Conexión a la base de datos exitosa","timestamp":"2024-08-19T21:52:05.032Z"}
{"level":"info","message":"Conexión a la base de datos exitosa","timestamp":"2024-08-19T21:52:28.622Z"}
{"level":"info","message":"[2024-08-19T21:54:03.405Z] POST /api/v1/user/register - ::1","timestamp":"2024-08-19T21:54:03.405Z"}
{"level":"info","message":"[2024-08-19T21:55:10.804Z] POST /api/v1/user/register - ::1","timestamp":"2024-08-19T21:55:10.804Z"}
{"level":"info","message":"Conexión a la base de datos exitosa","timestamp":"2024-08-19T21:56:14.932Z"}
{"level":"info","message":"[2024-08-19T21:56:21.030Z] POST /api/v1/user/register - ::1","timestamp":"2024-08-19T21:56:21.030Z"}
{"level":"info","message":"Conexión a la base de datos exitosa","timestamp":"2024-08-19T21:58:01.602Z"}
{"level":"info","message":"[2024-08-19T21:59:07.387Z] POST /api/v1/user/register - ::1","timestamp":"2024-08-19T21:59:07.388Z"}
{"level":"error","message":"Acceso denegado. No se proporcionó token.","timestamp":"2024-08-19T21:59:07.390Z"}
{"level":"info","message":"[2024-08-19T21:59:30.389Z] POST /api/v1/user/login - ::1","timestamp":"2024-08-19T21:59:30.389Z"}
{"level":"error","message":"Error en el inicio de sesión: User is not defined","timestamp":"2024-08-19T21:59:30.390Z"}
{"level":"error","message":"POST /api/v1/user/login - User is not defined","timestamp":"2024-08-19T21:59:30.392Z"}
{"level":"info","message":"Conexión a la base de datos exitosa","timestamp":"2024-08-19T22:00:12.546Z"}
{"level":"info","message":"Conexión a la base de datos exitosa","timestamp":"2024-08-19T22:00:29.775Z"}
{"level":"info","message":"[2024-08-19T22:00:33.999Z] POST /api/v1/user/login - ::1","timestamp":"2024-08-19T22:00:33.999Z"}
{"level":"info","message":"Conexión a la base de datos exitosa","timestamp":"2024-08-19T22:03:21.362Z"}
{"level":"info","message":"[2024-08-19T22:08:14.685Z] POST /api/v1/user/register - ::1","timestamp":"2024-08-19T22:08:14.685Z"}
{"level":"error","message":"Acceso denegado. No se proporcionó token.","timestamp":"2024-08-19T22:08:14.687Z"}
{"level":"info","message":"Conexión a la base de datos exitosa","timestamp":"2024-08-19T22:08:42.802Z"}
{"level":"info","message":"[2024-08-19T22:08:46.354Z] POST /api/v1/user/register - ::1","timestamp":"2024-08-19T22:08:46.354Z"}
{"level":"info","message":"[2024-08-19T22:09:01.100Z] POST /api/v1/user/register - ::1","timestamp":"2024-08-19T22:09:01.100Z"}
{"level":"info","message":"Conexión a la base de datos exitosa","timestamp":"2024-08-19T22:09:09.346Z"}
{"level":"info","message":"[2024-08-19T22:09:24.773Z] GET /api/v1/tor/get-all-nodes/ - ::1","timestamp":"2024-08-19T22:09:24.773Z"}
{"level":"info","message":"[2024-08-19T22:09:41.914Z] GET /api/v1/tor/get-all-nodes/ - ::1","timestamp":"2024-08-19T22:09:41.914Z"}
{"level":"error","message":"Error al obtener las ips: Request failed with status code 403","timestamp":"2024-08-19T22:09:42.459Z"}
{"level":"error","message":"Error al obtener las IPs de TOR: Error al obtener las IPs de la fuente externa","timestamp":"2024-08-19T22:09:42.460Z"}
{"level":"error","message":"GET /api/v1/tor/get-all-nodes/ - Error al obtener las IPs de la fuente externa","timestamp":"2024-08-19T22:09:42.461Z"}
{"level":"info","message":"Conexión a la base de datos exitosa","timestamp":"2024-08-19T22:13:04.620Z"}
{"level":"info","message":"Conexión a la base de datos exitosa","timestamp":"2024-08-19T22:25:03.847Z"}
{"level":"info","message":"Conexión a la base de datos exitosa","timestamp":"2024-08-19T22:53:07.307Z"}
{"level":"info","message":"[2024-08-19T22:53:14.824Z] POST /api/v1/user/login - ::1","timestamp":"2024-08-19T22:53:14.824Z"}
{"level":"info","message":"[2024-08-19T22:53:33.019Z] GET /api/v1/tor/get-all-nodes/ - ::1","timestamp":"2024-08-19T22:53:33.019Z"}
{"level":"error","message":"Error al obtener IPs de la API externa: IpCache is not defined","timestamp":"2024-08-19T22:53:33.824Z"}
{"level":"error","message":"Error al obtener las IPs de TOR: IpCache is not defined","timestamp":"2024-08-19T22:53:33.824Z"}
{"level":"error","message":"GET /api/v1/tor/get-all-nodes/ - IpCache is not defined","timestamp":"2024-08-19T22:53:33.826Z"}
{"level":"info","message":"Conexión a la base de datos exitosa","timestamp":"2024-08-19T22:54:39.915Z"}
{"level":"info","message":"[2024-08-19T22:54:44.380Z] GET /api/v1/tor/get-all-nodes/ - ::1","timestamp":"2024-08-19T22:54:44.380Z"}
{"level":"error","message":"Error al obtener IPs de la API externa: Request failed with status code 403","timestamp":"2024-08-19T22:54:44.959Z"}
{"level":"error","message":"Error al obtener las IPs de TOR: IpCache is not defined","timestamp":"2024-08-19T22:54:44.960Z"}
{"level":"error","message":"GET /api/v1/tor/get-all-nodes/ - IpCache is not defined","timestamp":"2024-08-19T22:54:44.961Z"}
{"level":"info","message":"Conexión a la base de datos exitosa","timestamp":"2024-08-19T22:55:14.662Z"}
{"level":"info","message":"[2024-08-19T22:55:20.010Z] GET /api/v1/tor/get-all-nodes/ - ::1","timestamp":"2024-08-19T22:55:20.010Z"}
{"level":"error","message":"Error al obtener IPs de la API externa: Request failed with status code 403","timestamp":"2024-08-19T22:55:20.576Z"}
{"level":"error","message":"Error al obtener las IPs de TOR: No se pudo obtener IPs desde la API ni existen datos en caché","timestamp":"2024-08-19T22:55:20.579Z"}
{"level":"error","message":"GET /api/v1/tor/get-all-nodes/ - No se pudo obtener IPs desde la API ni existen datos en caché","timestamp":"2024-08-19T22:55:20.581Z"}
{"level":"info","message":"[2024-08-19T22:55:47.082Z] GET /api/v1/tor/get-all-nodes/ - ::1","timestamp":"2024-08-19T22:55:47.082Z"}
{"level":"error","message":"Acceso denegado. No se proporcionó token.","timestamp":"2024-08-19T22:55:47.083Z"}
{"level":"info","message":"[2024-08-19T22:56:10.828Z] GET /api/v1/tor/get-all-nodes/ - ::1","timestamp":"2024-08-19T22:56:10.828Z"}
{"level":"error","message":"Error de autenticación: invalid signature","timestamp":"2024-08-19T22:56:10.830Z"}
{"level":"info","message":"Conexión a la base de datos exitosa","timestamp":"2024-08-19T23:57:01.125Z"}
{"level":"info","message":"[2024-08-19T23:57:06.734Z] POST /api/v1/user/login - ::1","timestamp":"2024-08-19T23:57:06.734Z"}
{"level":"info","message":"[2024-08-19T23:57:20.077Z] GET /api/v1/tor/get-all-nodes/ - ::1","timestamp":"2024-08-19T23:57:20.077Z"}
{"level":"error","message":"Error al obtener IPs de la API externa: ipCache validation failed: ip: Path `ip` is invalid (2001:0470:0001:0908:0000:0000:0000:9001).","timestamp":"2024-08-19T23:57:21.061Z"}
{"level":"error","message":"Error al obtener las IPs de TOR: No se pudo obtener IPs desde la API ni existen datos en caché","timestamp":"2024-08-19T23:57:21.150Z"}
{"level":"error","message":"GET /api/v1/tor/get-all-nodes/ - No se pudo obtener IPs desde la API ni existen datos en caché","timestamp":"2024-08-19T23:57:21.186Z"}
{"level":"info","message":"Conexión a la base de datos exitosa","timestamp":"2024-08-19T23:59:34.411Z"}
{"level":"info","message":"[2024-08-19T23:59:38.960Z] GET /api/v1/tor/get-all-nodes/ - ::1","timestamp":"2024-08-19T23:59:38.960Z"}
{"level":"error","message":"Error al obtener IPs de la API externa: Request failed with status code 403","timestamp":"2024-08-19T23:59:39.592Z"}
{"level":"error","message":"Error al obtener las IPs de TOR: No se pudo obtener IPs desde la API ni existen datos en caché","timestamp":"2024-08-19T23:59:39.595Z"}
{"level":"error","message":"GET /api/v1/tor/get-all-nodes/ - No se pudo obtener IPs desde la API ni existen datos en caché","timestamp":"2024-08-19T23:59:39.596Z"}
{"level":"info","message":"Conexión a la base de datos exitosa","timestamp":"2024-08-20T00:22:23.913Z"}
{"level":"info","message":"[2024-08-20T00:22:32.695Z] GET /api/v1/tor/get-all-nodes/ - ::1","timestamp":"2024-08-20T00:22:32.695Z"}
{"level":"error","message":"Error al obtener IPs de la API externa: ipCache validation failed: ip: Path `ip` is invalid (2001:0470:0001:0908:0000:0000:0000:9001).","timestamp":"2024-08-20T00:22:33.732Z"}
{"level":"error","message":"Error al obtener las IPs de TOR: No se pudo obtener IPs desde la API ni existen datos en caché","timestamp":"2024-08-20T00:22:33.781Z"}
{"level":"error","message":"GET /api/v1/tor/get-all-nodes/ - No se pudo obtener IPs desde la API ni existen datos en caché","timestamp":"2024-08-20T00:22:33.782Z"}
{"level":"info","message":"Conexión a la base de datos exitosa","timestamp":"2024-08-20T00:25:06.111Z"}
{"level":"info","message":"[2024-08-20T00:25:09.762Z] GET /api/v1/tor/get-all-nodes/ - ::1","timestamp":"2024-08-20T00:25:09.762Z"}
{"level":"error","message":"Error al obtener IPs de la API externa: Request failed with status code 403","timestamp":"2024-08-20T00:25:10.324Z"}
{"level":"error","message":"Error al obtener las IPs de TOR: No se pudo obtener IPs desde la API ni existen datos en caché","timestamp":"2024-08-20T00:25:10.327Z"}
{"level":"error","message":"GET /api/v1/tor/get-all-nodes/ - No se pudo obtener IPs desde la API ni existen datos en caché","timestamp":"2024-08-20T00:25:10.328Z"}
{"level":"info","message":"Conexión a la base de datos exitosa","timestamp":"2024-08-20T00:27:57.152Z"}
{"level":"info","message":"Conexión a la base de datos exitosa","timestamp":"2024-08-20T00:28:04.056Z"}
{"level":"info","message":"[2024-08-20T00:28:13.997Z] GET /api/v1/tor/get-all-nodes/ - ::1","timestamp":"2024-08-20T00:28:13.997Z"}
{"level":"info","message":"Base de datos vacía, intentando obtener IPs desde la API externa","timestamp":"2024-08-20T00:28:14.008Z"}
{"level":"error","message":"Error al obtener IPs de la API externa: Request failed with status code 403","timestamp":"2024-08-20T00:28:14.607Z"}
{"level":"error","message":"Error al obtener las IPs de TOR: cachedIps is not defined","timestamp":"2024-08-20T00:28:14.608Z"}
{"level":"error","message":"GET /api/v1/tor/get-all-nodes/ - cachedIps is not defined","timestamp":"2024-08-20T00:28:14.608Z"}
{"level":"info","message":"Conexión a la base de datos exitosa","timestamp":"2024-08-20T00:29:40.338Z"}
{"level":"info","message":"[2024-08-20T00:29:44.453Z] GET /api/v1/tor/get-all-nodes/ - ::1","timestamp":"2024-08-20T00:29:44.453Z"}
{"level":"info","message":"Base de datos vacía, intentando obtener IPs desde la API externa","timestamp":"2024-08-20T00:29:44.465Z"}
{"level":"error","message":"Error al obtener IPs de la API externa: Request failed with status code 403","timestamp":"2024-08-20T00:29:45.028Z"}
{"level":"error","message":"Error al obtener las IPs de TOR: cachedIps is not defined","timestamp":"2024-08-20T00:29:45.029Z"}
{"level":"error","message":"GET /api/v1/tor/get-all-nodes/ - cachedIps is not defined","timestamp":"2024-08-20T00:29:45.030Z"}
{"level":"info","message":"Conexión a la base de datos exitosa","timestamp":"2024-08-20T00:30:08.637Z"}
{"level":"info","message":"[2024-08-20T00:30:12.689Z] GET /api/v1/tor/get-all-nodes/ - ::1","timestamp":"2024-08-20T00:30:12.689Z"}
{"level":"info","message":"Base de datos vacía, intentando obtener IPs desde la API externa","timestamp":"2024-08-20T00:30:12.701Z"}
{"level":"error","message":"Error al obtener IPs de la API externa: Request failed with status code 403","timestamp":"2024-08-20T00:30:13.350Z"}
{"level":"error","message":"Error al obtener las IPs de TOR: cachedIps is not defined","timestamp":"2024-08-20T00:30:13.352Z"}
{"level":"error","message":"GET /api/v1/tor/get-all-nodes/ - cachedIps is not defined","timestamp":"2024-08-20T00:30:13.353Z"}
{"level":"info","message":"Conexión a la base de datos exitosa","timestamp":"2024-08-20T00:33:48.766Z"}
{"level":"info","message":"[2024-08-20T00:33:57.696Z] GET /api/v1/tor/get-all-nodes/ - ::1","timestamp":"2024-08-20T00:33:57.697Z"}
{"level":"info","message":"Base de datos vacía, intentando obtener IPs desde la API externa","timestamp":"2024-08-20T00:33:57.708Z"}
{"level":"error","message":"Error al obtener IPs de la API externa: Cannot read properties of undefined (reading 'trim')","timestamp":"2024-08-20T00:33:57.710Z"}
{"level":"error","message":"Error al obtener las IPs de TOR: cachedIps is not defined","timestamp":"2024-08-20T00:33:57.711Z"}
{"level":"error","message":"GET /api/v1/tor/get-all-nodes/ - cachedIps is not defined","timestamp":"2024-08-20T00:33:57.712Z"}
{"level":"info","message":"Conexión a la base de datos exitosa","timestamp":"2024-08-20T00:34:17.838Z"}
{"level":"info","message":"[2024-08-20T00:34:26.242Z] GET /api/v1/tor/get-all-nodes/ - ::1","timestamp":"2024-08-20T00:34:26.242Z"}
{"level":"info","message":"Base de datos vacía, intentando obtener IPs desde la API externa","timestamp":"2024-08-20T00:34:26.253Z"}
{"level":"info","message":"IPs recuperadas y almacenadas desde la API externa","timestamp":"2024-08-20T00:34:26.279Z"}
{"level":"info","message":"[2024-08-20T00:34:57.363Z] GET /api/v1/tor/get-all-nodes/ - ::1","timestamp":"2024-08-20T00:34:57.363Z"}
{"level":"info","message":"Recuperando IPs desde la base de datos","timestamp":"2024-08-20T00:34:57.372Z"}
{"level":"info","message":"[2024-08-20T00:34:58.437Z] GET /api/v1/tor/get-all-nodes/ - ::1","timestamp":"2024-08-20T00:34:58.437Z"}
{"level":"info","message":"Recuperando IPs desde la base de datos","timestamp":"2024-08-20T00:34:58.441Z"}
{"level":"info","message":"[2024-08-20T00:36:41.848Z] GET /api/v1/tor/get-filtered-ip/ - ::1","timestamp":"2024-08-20T00:36:41.848Z"}
{"level":"error","message":"Acceso denegado. No se proporcionó token.","timestamp":"2024-08-20T00:36:41.849Z"}
{"level":"info","message":"[2024-08-20T00:36:45.874Z] GET /api/v1/tor/get-filtered-ip/ - ::1","timestamp":"2024-08-20T00:36:45.874Z"}
{"level":"info","message":"Recuperando IPs desde la base de datos","timestamp":"2024-08-20T00:36:45.878Z"}
{"level":"info","message":"[2024-08-20T00:37:59.605Z] GET /api/v1/tor/get-filtered-ip/ - ::1","timestamp":"2024-08-20T00:37:59.605Z"}
{"level":"info","message":"Recuperando IPs desde la base de datos","timestamp":"2024-08-20T00:37:59.608Z"}
{"level":"info","message":"[2024-08-20T00:38:26.077Z] POST /api/v1/tor/get-filtered-ip/ - ::1","timestamp":"2024-08-20T00:38:26.077Z"}
{"level":"info","message":"[2024-08-20T00:38:32.507Z] POST /api/v1/tor/add-ip/ - ::1","timestamp":"2024-08-20T00:38:32.507Z"}
{"level":"info","message":"[2024-08-20T00:41:53.723Z] GET /api/v1/tor/get-filtered-ip/ - ::1","timestamp":"2024-08-20T00:41:53.723Z"}
{"level":"info","message":"Recuperando IPs desde la base de datos","timestamp":"2024-08-20T00:41:53.727Z"}
{"level":"info","message":"Conexión a la base de datos exitosa","timestamp":"2024-08-20T00:42:22.247Z"}
{"level":"info","message":"[2024-08-20T00:42:46.532Z] POST /api/v1/user/login - ::1","timestamp":"2024-08-20T00:42:46.532Z"}
{"level":"info","message":"[2024-08-20T00:42:58.537Z] POST /api/v1/tor/add-ip/ - ::1","timestamp":"2024-08-20T00:42:58.537Z"}
{"level":"error","message":"Error al agregar la IP: E11000 duplicate key error collection: tor-api.whiteips index: ip_1 dup key: { ip: \"102.130.113.9\" }","timestamp":"2024-08-20T00:42:58.557Z"}
{"level":"error","message":"POST /api/v1/tor/add-ip/ - E11000 duplicate key error collection: tor-api.whiteips index: ip_1 dup key: { ip: \"102.130.113.9\" }","timestamp":"2024-08-20T00:42:58.558Z"}
{"level":"info","message":"[2024-08-20T00:43:07.135Z] POST /api/v1/tor/add-ip/ - ::1","timestamp":"2024-08-20T00:43:07.135Z"}
{"level":"error","message":"Acceso denegado. Rol no autorizado.","timestamp":"2024-08-20T00:43:07.137Z"}
{"level":"info","message":"Conexión a la base de datos exitosa","timestamp":"2024-08-20T00:46:09.333Z"}
